<?xml version="1.0" encoding="UTF-8"?>
<!-- Generated by org.testng.reporters.JUnitReportReporter -->
<testsuite hostname="BA-000460566" failures="0" tests="5" name="com.telus.testcases.ParaBankSignUp" time="9.565" errors="0" timestamp="2023-03-13T21:10:05 IST" skipped="0">
  <testcase classname="com.telus.testcases.ParaBankSignUp" name="launchApplicaton" time="7.112"/>
  <system-out>
    <![CDATA[Application Launched Successfully]]>
  </system-out>
  <testcase classname="com.telus.testcases.ParaBankSignUp" name="navigatestoSignUpForm" time="0.772"/>
  <system-out>
    <![CDATA[Register link is displayed
Register link is clicked successfully and User is navigated to Sign-Up Form]]>
  </system-out>
  <testcase classname="com.telus.testcases.ParaBankSignUp" name="fillingAndSubmittingSignUpForm" time="1.453"/>
  <system-out>
    <![CDATA[First Name field is displayed 
First Name is Minhaj
Last Name field is displayed 
The Last Name is Rizvi
Address Field is displayed 
Address is Purvanchal Royal Park, Sector 137
City Text Box is displayed
The City Name is Noida
State Text Box is displayed
The State Name is Uttar Pradesh
Postal / Zip Code Text Box is displayed
The Postal / Zip Code is 201305
Mobile Number Text field is displayed
The Mobile Number is 9953123499
SSN Field is displayed
The SSN Number is 987654311
User Name Field is displayed
The User Name is rizvi06
Password Field is displayed
Password is March2023
Confirm Password Field is displayed
Password is March2023
The Register Button is Enabled
Register Button is clicked]]>
  </system-out>
  <testcase classname="com.telus.testcases.ParaBankSignUp" name="validatingSuccessfullMsg" time="0.042"/>
  <system-out>
    <![CDATA[The Successful SignUp message text is:  Welcome rizvi06
Your account was created successfully. You are now logged in.]]>
  </system-out>
  <testcase classname="com.telus.testcases.ParaBankSignUp" name="closeApplication" time="0.186"/>
  <system-out>
    <![CDATA[Application Closed Successfully]]>
  </system-out>
</testsuite> <!-- com.telus.testcases.ParaBankSignUp -->
